<?xml version="1.0" encoding="UTF-8"?>
<testng-results ignored="0" total="1" passed="1" failed="0" skipped="0">
  <reporter-output>
  </reporter-output>
  <suite started-at="2024-01-25T16:27:35 IST" name="Default suite" finished-at="2024-01-25T16:27:44 IST" duration-ms="8908">
    <groups>
    </groups>
    <test started-at="2024-01-25T16:27:35 IST" name="Default test" finished-at="2024-01-25T16:27:44 IST" duration-ms="8908">
      <class name="com.learning_TestNG.Learning_Excel_File">
        <test-method signature="resisterTest()[pri:0, instance:com.learning_TestNG.Learning_Excel_File@359f7cdf]" started-at="2024-01-25T16:27:35 IST" name="resisterTest" finished-at="2024-01-25T16:27:44 IST" duration-ms="8869" status="PASS">
          <reporter-output>
          </reporter-output>
        </test-method> <!-- resisterTest -->
      </class> <!-- com.learning_TestNG.Learning_Excel_File -->
    </test> <!-- Default test -->
  </suite> <!-- Default suite -->
</testng-results>
