<?xml version="1.0" encoding="UTF-8"?>
<!-- Generated by org.testng.reporters.JUnitXMLReporter -->
<testsuite ignored="0" hostname="LAPTOP-N6GTKC9B" failures="0" tests="3" name="Test" time="15.377" errors="0" timestamp="2024-01-15T01:39:54 IST">
  <testcase classname="com.testScripts.TC002_AddToCart_Test" name="addToCart" time="4.162"/>
  <testcase classname="com.testScripts.TC001_Search_Test" name="searchTest" time="4.977"/>
  <testcase classname="com.testScripts.TC003_RemoveFromCart_Test" name="removeCart" time="5.293"/>
</testsuite> <!-- Test -->
